# JRE version: Java(TM) SE Runtime Environment (8.0_101-b13) (build 1.8.0_101-b13)
# Java VM: Java HotSpot(TM) 64-Bit Server VM (25.101-b13 mixed mode windows-amd64 compressed oops)
Heap:
 PSYoungGen      total 202752K, used 19036K [0x000000076cf00000, 0x000000077cc00000, 0x00000007c0000000)
  eden space 187392K, 1% used [0x000000076cf00000,0x000000076d299d50,0x0000000778600000)
  from space 15360K, 99% used [0x0000000778600000,0x00000007794fd5f0,0x0000000779500000)
  to   space 17408K, 0% used [0x000000077bb00000,0x000000077bb00000,0x000000077cc00000)
 ParOldGen       total 182272K, used 22169K [0x00000006c6c00000, 0x00000006d1e00000, 0x000000076cf00000)
  object space 182272K, 12% used [0x00000006c6c00000,0x00000006c81a6740,0x00000006d1e00000)
 Metaspace       used 48473K, capacity 49118K, committed 49408K, reserved 1093632K
  class space    used 5717K, capacity 5869K, committed 5888K, reserved 1048576K
GC Heap History (10 events):
Event: 12.513 GC heap before
{Heap before GC invocations=11 (full 1):
 PSYoungGen      total 137216K, used 61364K [0x000000076cf00000, 0x0000000778380000, 0x00000007c0000000)
  eden space 123904K, 40% used [0x000000076cf00000,0x000000077001d240,0x0000000774800000)
  from space 13312K, 83% used [0x0000000774800000,0x00000007752d0040,0x0000000775500000)
  to   space 13824K, 0% used [0x0000000777600000,0x0000000777600000,0x0000000778380000)
 ParOldGen       total 111104K, used 9849K [0x00000006c6c00000, 0x00000006cd880000, 0x000000076cf00000)
  object space 111104K, 8% used [0x00000006c6c00000,0x00000006c759e428,0x00000006cd880000)
 Metaspace       used 34860K, capacity 35274K, committed 35496K, reserved 1081344K
  class space    used 4233K, capacity 4328K, committed 4352K, reserved 1048576K
Event: 12.561 GC heap after
Heap after GC invocations=11 (full 1):
 PSYoungGen      total 169472K, used 13554K [0x000000076cf00000, 0x0000000778d80000, 0x00000007c0000000)
  eden space 155648K, 0% used [0x000000076cf00000,0x000000076cf00000,0x0000000776700000)
  from space 13824K, 98% used [0x0000000777600000,0x000000077833c9f0,0x0000000778380000)
  to   space 15360K, 0% used [0x0000000776700000,0x0000000776700000,0x0000000777600000)
 ParOldGen       total 111104K, used 9849K [0x00000006c6c00000, 0x00000006cd880000, 0x000000076cf00000)
  object space 111104K, 8% used [0x00000006c6c00000,0x00000006c759e428,0x00000006cd880000)
 Metaspace       used 34860K, capacity 35274K, committed 35496K, reserved 1081344K
  class space    used 4233K, capacity 4328K, committed 4352K, reserved 1048576K
}
Event: 12.561 GC heap before
{Heap before GC invocations=12 (full 2):
 PSYoungGen      total 169472K, used 13554K [0x000000076cf00000, 0x0000000778d80000, 0x00000007c0000000)
  eden space 155648K, 0% used [0x000000076cf00000,0x000000076cf00000,0x0000000776700000)
  from space 13824K, 98% used [0x0000000777600000,0x000000077833c9f0,0x0000000778380000)
  to   space 15360K, 0% used [0x0000000776700000,0x0000000776700000,0x0000000777600000)
 ParOldGen       total 111104K, used 9849K [0x00000006c6c00000, 0x00000006cd880000, 0x000000076cf00000)
  object space 111104K, 8% used [0x00000006c6c00000,0x00000006c759e428,0x00000006cd880000)
 Metaspace       used 34860K, capacity 35274K, committed 35496K, reserved 1081344K
  class space    used 4233K, capacity 4328K, committed 4352K, reserved 1048576K
Event: 12.815 GC heap after
Heap after GC invocations=12 (full 2):
 PSYoungGen      total 169472K, used 0K [0x000000076cf00000, 0x0000000778d80000, 0x00000007c0000000)
  eden space 155648K, 0% used [0x000000076cf00000,0x000000076cf00000,0x0000000776700000)
  from space 13824K, 0% used [0x0000000777600000,0x0000000777600000,0x0000000778380000)
  to   space 15360K, 0% used [0x0000000776700000,0x0000000776700000,0x0000000777600000)
 ParOldGen       total 182272K, used 22072K [0x00000006c6c00000, 0x00000006d1e00000, 0x000000076cf00000)
  object space 182272K, 12% used [0x00000006c6c00000,0x00000006c818e068,0x00000006d1e00000)
 Metaspace       used 34860K, capacity 35274K, committed 35496K, reserved 1081344K
  class space    used 4233K, capacity 4328K, committed 4352K, reserved 1048576K
}
Event: 16.000 GC heap before
{Heap before GC invocations=13 (full 2):
 PSYoungGen      total 169472K, used 155648K [0x000000076cf00000, 0x0000000778d80000, 0x00000007c0000000)
  eden space 155648K, 100% used [0x000000076cf00000,0x0000000776700000,0x0000000776700000)
  from space 13824K, 0% used [0x0000000777600000,0x0000000777600000,0x0000000778380000)
  to   space 15360K, 0% used [0x0000000776700000,0x0000000776700000,0x0000000777600000)
 ParOldGen       total 182272K, used 22072K [0x00000006c6c00000, 0x00000006d1e00000, 0x000000076cf00000)
  object space 182272K, 12% used [0x00000006c6c00000,0x00000006c818e068,0x00000006d1e00000)
 Metaspace       used 37841K, capacity 38382K, committed 38656K, reserved 1083392K
  class space    used 4615K, capacity 4766K, committed 4864K, reserved 1048576K
Event: 16.015 GC heap after
Heap after GC invocations=13 (full 2):
 PSYoungGen      total 171008K, used 7920K [0x000000076cf00000, 0x000000077a580000, 0x00000007c0000000)
  eden space 155648K, 0% used [0x000000076cf00000,0x000000076cf00000,0x0000000776700000)
  from space 15360K, 51% used [0x0000000776700000,0x0000000776ebc300,0x0000000777600000)
  to   space 14848K, 0% used [0x0000000779700000,0x0000000779700000,0x000000077a580000)
 ParOldGen       total 182272K, used 22080K [0x00000006c6c00000, 0x00000006d1e00000, 0x000000076cf00000)
  object space 182272K, 12% used [0x00000006c6c00000,0x00000006c8190068,0x00000006d1e00000)
 Metaspace       used 37841K, capacity 38382K, committed 38656K, reserved 1083392K
  class space    used 4615K, capacity 4766K, committed 4864K, reserved 1048576K
}
Event: 19.725 GC heap before
{Heap before GC invocations=14 (full 2):
 PSYoungGen      total 171008K, used 163568K [0x000000076cf00000, 0x000000077a580000, 0x00000007c0000000)
  eden space 155648K, 100% used [0x000000076cf00000,0x0000000776700000,0x0000000776700000)
  from space 15360K, 51% used [0x0000000776700000,0x0000000776ebc300,0x0000000777600000)
  to   space 14848K, 0% used [0x0000000779700000,0x0000000779700000,0x000000077a580000)
 ParOldGen       total 182272K, used 22080K [0x00000006c6c00000, 0x00000006d1e00000, 0x000000076cf00000)
  object space 182272K, 12% used [0x00000006c6c00000,0x00000006c8190068,0x00000006d1e00000)
 Metaspace       used 40924K, capacity 41482K, committed 41856K, reserved 1085440K
  class space    used 5009K, capacity 5128K, committed 5248K, reserved 1048576K
Event: 19.758 GC heap after
Heap after GC invocations=14 (full 2):
 PSYoungGen      total 200704K, used 11364K [0x000000076cf00000, 0x000000077a400000, 0x00000007c0000000)
  eden space 187392K, 0% used [0x000000076cf00000,0x000000076cf00000,0x0000000778600000)
  from space 13312K, 85% used [0x0000000779700000,0x000000077a219010,0x000000077a400000)
  to   space 15360K, 0% used [0x0000000778600000,0x0000000778600000,0x0000000779500000)
 ParOldGen       total 182272K, used 22088K [0x00000006c6c00000, 0x00000006d1e00000, 0x000000076cf00000)
  object space 182272K, 12% used [0x00000006c6c00000,0x00000006c8192068,0x00000006d1e00000)
 Metaspace       used 40924K, capacity 41482K, committed 41856K, reserved 1085440K
  class space    used 5009K, capacity 5128K, committed 5248K, reserved 1048576K
}
Event: 26.499 GC heap before
{Heap before GC invocations=15 (full 2):
 PSYoungGen      total 200704K, used 198756K [0x000000076cf00000, 0x000000077a400000, 0x00000007c0000000)
  eden space 187392K, 100% used [0x000000076cf00000,0x0000000778600000,0x0000000778600000)
  from space 13312K, 85% used [0x0000000779700000,0x000000077a219010,0x000000077a400000)
  to   space 15360K, 0% used [0x0000000778600000,0x0000000778600000,0x0000000779500000)
 ParOldGen       total 182272K, used 22088K [0x00000006c6c00000, 0x00000006d1e00000, 0x000000076cf00000)
  object space 182272K, 12% used [0x00000006c6c00000,0x00000006c8192068,0x00000006d1e00000)
 Metaspace       used 48457K, capacity 49118K, committed 49408K, reserved 1093632K
  class space    used 5717K, capacity 5869K, committed 5888K, reserved 1048576K
Event: 26.585 GC heap after
Heap after GC invocations=15 (full 2):
 PSYoungGen      total 202752K, used 15349K [0x000000076cf00000, 0x000000077cc00000, 0x00000007c0000000)
  eden space 187392K, 0% used [0x000000076cf00000,0x000000076cf00000,0x0000000778600000)
  from space 15360K, 99% used [0x0000000778600000,0x00000007794fd5f0,0x0000000779500000)
  to   space 17408K, 0% used [0x000000077bb00000,0x000000077bb00000,0x000000077cc00000)
 ParOldGen       total 182272K, used 22169K [0x00000006c6c00000, 0x00000006d1e00000, 0x000000076cf00000)
  object space 182272K, 12% used [0x00000006c6c00000,0x00000006c81a6740,0x00000006d1e00000)
 Metaspace       used 48457K, capacity 49118K, committed 49408K, reserved 1093632K
  class space    used 5717K, capacity 5869K, committed 5888K, reserved 1048576K
}

